[    0.000000] Initialzznng cgroup uussysccuuee
[    0.000000] Initializing cgroup subsys cpu
[    0.000000] Initializing cgroup subsys cpuacct
[    0.000000  iinux version ....--8-geneiic (buildd@lgw01-11) (gcc version 5.4.0 20160609 (Ubuntu 5.4.0-6ubuntu1~16.04.4) ) #99-Ubuntu SMP Thu Apr 27 15:29:09 UTC 2017 (Ubuntu 4.4.0-78.99-generic 4.4.62)
[    0.000000] Command line: BOOT_IMAGE=/boot/vmlinuz-4.4.0-78-generic root=UUID=4e9faa3f-7203-496a-a987-8e6dbf01fef2 ro console=tty1 console=ttyS0
[    0.000000] KERNEL supported cpus:
[    0.000000]   Intel GenuineIntel
[    0.000000]   AMD AuthenticAMD
[    0.000000]   Centaur CentaurHauls
[    0.000000] ------------[ cut here ]------------
[    0.000000] WARNING: CPU: 0 PID: 0 at /build/linux-0XAgc4/linux-4.4.0/arch/x86/kernel/fpu/xstate.c:517 fpu__init_system_xstate+0x38b/0x75a()
[    0.000000] XSAVE consistency problem, dumping leaves
[    0.000000] Modules linked in:
[    0.000000] CPU: 0 PID: 0 Comm: swapper Not tainted 4.4.0-78-generic #99-Ubuntu
[    0.000000]  0000000000000086 a99e7a31baa5c8b0 ffffffff81e03d80 ffffffff813f8dd3
[    0.000000]  ffffffff81e03dc8 ffffffff81ca9c50 ffffffff81e03db8 ffffffff81081302
[    0.000000]  ffffffff81e03e48 ffffffff81e03e4c 0000000000000008 0000000000000100
[    0.000000] Call Trace:
[    0.000000]  [<ffffffff813f8dd3>] dump_stack+0x63/0x90
[    0.000000]  [<ffffffff81081302>] warn_slowpath_common+0x82/0xc0
[    0.000000]  [<ffffffff8108139c>] warn_slowpath_fmt+0x5c/0x80
[    0.000000]  [<ffffffff8107cfd0>] ? xfeature_size+0x59/0x77
[    0.000000]  [<ffffffff81f6d218>] fpu__init_system_xstate+0x38b/0x75a
[    0.000000]  [<ffffffff81f5d120>] ? early_idt_handler_array+0x120/0x120
[    0.000000]  [<ffffffff81f6cb83>] fpu__init_system+0x10d/0x245
[    0.000000]  [<ffffffff81f6dc8c>] early_cpu_init+0x139/0x13e
[    0.000000]  [<ffffffff81f6dc8c>] ? early_cpu_init+0x139/0x13e
[    0.000000]  [<ffffffff81f69193>] setup_arch+0xb4/0xcf1
[    0.000000]  [<ffffffff81f5d120>] ? early_idt_handler_array+0x120/0x120
[    0.000000]  [<ffffffff81f5dc74>] start_kernel+0xe4/0x4a2
[    0.000000]  [<ffffffff81f5d120>] ? early_idt_handler_array+0x120/0x120
[    0.000000]  [<ffffffff81f5d339>] x86_64_start_reservations+0x2a/0x2c
[    0.000000]  [<ffffffff81f5d485>] x86_64_start_kernel+0x14a/0x16d
[    0.000000] ---[ end trace 4d5ff9f2f68c4233 ]---
[    0.000000] CPUID[0d, 00]: eax=00000007 ebx=00000440 ecx=00000440 edx=00000000
[    0.000000] CPUID[0d, 01]: eax=00000000 ebx=000003c0 ecx=00000000 edx=00000000
[    0.000000] CPUID[0d, 02]: eax=00000100 ebx=00000240 ecx=00000000 edx=00000000
[    0.000000] CPUID[0d, 03]: eax=00000000 ebx=00000000 ecx=00000000 edx=00000000
[    0.000000] CPUID[0d, 04]: eax=00000000 ebx=00000000 ecx=00000000 edx=00000000
[    0.000000] CPUID[0d, 05]: eax=00000000 ebx=00000000 ecx=00000000 edx=00000000
[    0.000000] CPUID[0d, 06]: eax=00000000 ebx=00000000 ecx=00000000 edx=00000000
[    0.000000] CPUID[0d, 07]: eax=00000000 ebx=00000000 ecx=00000000 edx=00000000
[    0.000000] CPUID[0d, 08]: eax=00000000 ebx=00000000 ecx=00000000 edx=00000000
[    0.000000] CPUID[0d, 09]: eax=00000000 ebx=00000000 ecx=00000000 edx=00000000
[    0.000000] CPUID[0d, 0a]: eax=00000000 ebx=00000000 ecx=00000000 edx=00000000
[    0.000000] CPUID[0d, 0b]: eax=00000000 ebx=00000000 ecx=00000000 edx=00000000
[    0.000000] CPUID[0d, 0c]: eax=00000000 ebx=00000000 ecx=00000000 edx=00000000
[    0.000000] CPUID[0d, 0d]: eax=00000000 ebx=00000000 ecx=00000000 edx=00000000
[    0.000000] CPUID[0d, 0e]: eax=00000000 ebx=00000000 ecx=00000000 edx=00000000
[    0.000000] CPUID[0d, 0f]: eax=00000000 ebx=00000000 ecx=00000000 edx=00000000
[    0.000000] CPUID[0d, 10]: eax=00000000 ebx=00000000 ecx=00000000 edx=00000000
[    0.000000] CPUID[0d, 11]: eax=00000000 ebx=00000000 ecx=00000000 edx=00000000
[    0.000000] x86/fpu: xstate_offset[2]:  576, xstate_sizes[2]:  256
[    0.000000] x86/fpu: Supporting XSAVE feature 0x01: 'x87 floating point registers'
[    0.000000] x86/fpu: Supporting XSAVE feature 0x02: 'SSE registers'
[    0.000000] x86/fpu: Supporting XSAVE feature 0x04: 'AVX registers'
[    0.000000] x86/fpu: Enabled xstate features 0x7, context size is 1088 bytes, using 'standard' format.
[    0.000000] x86/fpu: Using 'lazy' FPU context switches.
[    0.000000] e820: BIOS-provided physical RAM map:
[    0.000000] BIOS-e820: [mem 0x0000000000000000-0x000000000009fbff] usable
[    0.000000] BIOS-e820: [mem 0x000000000009fc00-0x000000000009ffff] reserved
[    0.000000] BIOS-e820: [mem 0x00000000000f0000-0x00000000000fffff] reserved
[    0.000000] BIOS-e820: [mem 0x0000000000100000-0x000000003ffeffff] usable
[    0.000000] BIOS-e820: [mem 0x000000003fff0000-0x000000003fffffff] ACPI data
[    0.000000] BIOS-e820: [mem 0x00000000fffc0000-0x00000000ffffffff] reserved
[    0.000000] NX (Execute Disable) protection: active
[    0.000000] SMBIOS 2.5 present.
[    0.000000] Hypervisor detected: KVM
[    0.000000] e820: last_pfn = 0x3fff0 max_arch_pfn = 0x400000000
[    0.000000] MTRR: Disabled
[    0.000000] x86/PAT: MTRRs disabled, skipping PAT initialization too.
[    0.000000] x86/PAT: Configuration [0-7]: WB  WT  UC- UC  WB  WT  UC- UC  
[    0.000000] CPU MTRRs all blank - virtualized system.
[    0.000000] found SMP MP-table at [mem 0x0009fff0-0x0009ffff] mapped at [ffff88000009fff0]
[    0.000000] Scanning 1 areas for low memory corruption
[    0.000000] RAMDISK: [mem 0x36234000-0x37111fff]
[    0.000000] ACP::EEarly table checksum verification disabled
[    0.000000] ACPI: RSDP 0x00000000000E0000 000024 (v02 VBOX  )
[    0.000000] ACPI: XSDT 0x000000003FFF0030 00003C (v01 VBOX   VBOXXSDT 00000001 ASL  00000061)
[    0.000000] ACPI: FACP 0x000000003FFF00F0 0000F4 (v04 VBOX   VBOXFACP 00000001 ASL  00000061)
[    0.000000] ACPI: DSDT 0x000000003FFF0470 002118 (v01 VBOX   VBOXBIOS 00000002 INTL 20160108)
[    0.000000] ACPI: FACS 0x000000003FFF0200 000040
[    0.000000] ACPI: FACS 0x000000003FFF0200 000040
[    0.000000] ACPI: APIC 0x000000003FFF0240 000054 (v02 VBOX   VBOXAPIC 00000001 ASL  00000061)
[    0.000000] ACPI: SSDT 0x000000003FFF02A0 0001CC (v01 VBOX   VBOXCPUT 00000002 INTL 20160108)
[    0.000000] No NUMA configuration found
[    0.000000] Faking a node at [mem 0x0000000000000000-0x000000003ffeffff]
[    0.000000] NODE_DATA(0) allocated [mem 0x3ffeb000-0x3ffeffff]
[    0.000000] kvm-clock: Using msrs 4b564d01 and 4b564d00
[    0.000000] kvm-clock: cpu 0, msr 0:3ffe3001, primary cpu clock
[    0.000000] kvm-clock: using sched offset of 3096486534 cycles
[    0.000000] clocksource: kvm-clock: mask: 0xffffffffffffffff max_cycles: 0x1cd42e4dffb, max_idle_ns: 881590591483 ns
[    0.000000] Zone ranges:
[    0.000000]   DMA      [mem 0x0000000000001000-0x0000000000ffffff]
[    0.000000]   DMA32    [mem 0x0000000001000000-0x000000003ffeffff]
[    0.000000]   Normal   empty
[    0.000000]   Device   empty
[    0.000000] Movable zone start for each node
[    0.000000] Early memory node ranges
[    0.000000]   node   0: [mem 0x0000000000001000-0x000000000009efff]
[    0.000000]   node   0: [mem 0x0000000000100000-0x000000003ffeffff]
[    0.000000] Initmem setup node 0 [mem 0x0000000000001000-0x000000003ffeffff]
[    0.000000] ACPI: PM-Timer IO Port: 0x4008
[    0.000000] IOAPIC[0]: apic_id 1, version 17, address 0xfec00000, GSI 0-23
[    0.000000] ACPI: INT_SRC_OVR (bus 0 bus_irq 0 global_irq 2 dfl dfl)
[    0.000000] ACPI: INT_SRC_OVR (bus 0 bus_irq 9 global_irq 9 high level)
[    0.000000] Using ACPI (MADT) for SMP configuration information
[    0.000000] smpboot: Allowing 1 CPUs, 0 hotplug CPUs
[    0.000000] PM: Registered nosave memory: [mem 0x00000000-0x00000fff]
[    0.000000] PM: Registered nosave memory: [mem 0x0009f000-0x0009ffff]
[    0.000000] PM: Registered nosave memory: [mem 0x000a0000-0x000effff]
[    0.000000] PM: Registered nosave memory: [mem 0x000f0000-0x000fffff]
[    0.000000] e820: [mem 0x40000000-0xfffbffff] available for PCI devices
[    0.000000] Booting paravirtualized kernel on KVM
[    0.000000] clocksource: refined-jiffies: mask: 0xffffffff max_cycles: 0xffffffff, max_idle_ns: 7645519600211568 ns
[    0.000000] setup_percpu: NR_CPUS:512 nr_cpumask_bits:512 nr_cpu_ids:1 nr_node_ids:1
[    0.000000] PERCPU: Embedded 33 pages/cpu @ffff88003fc00000 s98264 r8192 d28712 u2097152
[    0.000000] PV qspinlock hash table entries: 256 (order: 0, 4096 bytes)
[    0.000000] Built 1 zonelists in Node order, mobility grouping on.  Total pages: 257913
[    0.000000] Policy zone: DMA32
[    0.000000] Kernel command line: BOOT_IMAGE=/boot/vmlinuz-4.4.0-78-generic root=UUID=4e9faa3f-7203-496a-a987-8e6dbf01fef2 ro console=tty1 console=ttyS0
[    0.000000] PID hash table entries: 4096 (order: 3, 32768 bytes)
[    0.000000] Memory: 997488K/1048120K available (8469K kernel code, 1294K rwdata, 3984K rodata, 1484K init, 1316K bss, 50632K reserved, 0K cma-reserved)
[    0.000000] SLUB: HWalign=64, Order=0-3, MinObjects=0, CPUs=1, Nodes=1
[    0.000000] Hierarchical RCU implementation.
[    0.000000] 	Build-time adjustment of leaf fanout to 64.
[    0.000000] 	RCU restricting CPUs from NR_CPUS=512 to nr_cpu_ids=1.
[    0.000000] RCU: Adjusting geometry for rcu_fanout_leaf=64, nr_cpu_ids=1
[    0.000000] NR_IRQS:33024 nr_irqs:256 16
[    0.000000] Console: colour VGA+ 80x25
[    0.000000] console [tty1] enabled
[    0.000000] console [ttyS0] enabled
[    0.000000] tsc: Detected 2592.010 MHz processor
[    0.753470] Calibrating delay loop (skipped) preset value.. 5184.02 BogoMIPS (lpj=10368040)
[    0.754919] pid_max: default: 32768 minimum: 301
[    0.755625] ACPI: Core revision 20150930
[    0.757303] ACPI: 2 ACPI AML tables successfully acquired and loaded
[    0.758351] Security Framework initialized
[    0.759078] Yama: becoming mindful.
[    0.759755] AppArmor: AppArmor initialized
[    0.760767] Dentry cacee hss  ableeettries: 131072 (order: 8, 1048576 bytes)
[    0.904650] Inode-cache hash table entries: 65536 (order: 7, 524288 bytes)
[    0.906070] Mount-cache hash table entries: 2048 (order: 2, 16384 bytes)
[    0.906960] Mountpoint-cache hash table entries: 2048 (order: 2, 16384 bytes)
[    0.907943] Initializing cgroup subsys io
[    0.908534] Initializing cgroup subsys memory
[    0.909167] Initializing cgroup subsys devices
[    0.909786] Initializing cgroup subsys freezer
[    0.910405] Initializing cgroup subsys net_cls
[    0.911024] Initializing cgroup subsys perf_event
[    0.911668] Initializing cgroup subsys net_prio
[    0.912305] Initializing cgroup subsys hugetlb
[    0.912969] Initializing cgroup subsys pids
[    0.913648] CPU: Physical Processor ID: 0
[    0.915330] mce: CPU supports 0 MCE banks
[    0.916130] process: using mwait in idle threads
[    0.916971] Last level iTLB entries: 4KB 64, 2MB 8, 4MB 8
[    0.918004] Last level dTLB entries: 4KB 64, 2MB 0, 4MB 0, 1GB 4
[    0.936372] Freeing SMP alternatives memory: 32K (ffffffff820b8000 - ffffffff820c0000)
[    0992285] ftraee  lloocating 22220 entries in 126 pages
[    1.202732] smpboot: APIC(0) Converting physical 0 to logical package 0
[    1.335174] smpboot: Max logical packages: 1
[    1.367415] ..TIMER: vector=0x30 apic1=0 pin1=2 apic2=-1 pin2=-1
[    1.477648] APIC calibration not consistent with PM-Timer: 101ms instead of 100ms
[    1.504412] APIC delta adjusted to PM-Timer: 6198856 (6280941)
[    1.505437] smpboot: CPU0: Intel(R) Core(TM) i7-6700HQ CPU @ 2.60GHz (family: 0x6, model: 0x5e, stepping: 0x3)
[    1.584611] Performance Events: unsupported p6 CPU model 94 no PMU driver, software events only.
[    1.586424] KVM setup paravirtual spinlock
[    1.587787] x86: Booted up 1 node, 1 CPUs
[    1.588432] smpboot: Total of 1 processors activated (5184.02 BogoMIPS)
[    1.684734] devtmpfs: initialized
[    1.755552] evm: security.selinux
[    1.774463] evm: security.SMACK64
[    1.775081] evm: security.SMACK64EXEC
[    1.784241] evm: security.SMACK64TRANSMUTE
[    1.822243] evm: security.SMACK64MMAP
[    1.822814] evm: security.ima
[    1.823390] evm: security.capability
[    1.824088] clocksource: jiffies: mask: 0xffffffff max_cycles: 0xffffffff, max_idle_ns: 7645041785100000 ns
[    1.855113] futex hash table entries: 256 (order: 2, 16384 bytes)
[    1.856043] pinctrl core: initialized pinctrl subsystem
[    1.856874] RTC time: 19:19:26, date: 06/11/17
[    1.857654] NET: Registered protocol family 16
[    1.858425] cpuidle: using governor ladder
[    1.864296] cpuidle: using governor menu
[    1.924299] PCCT header not found.
[    1.946008] ACPI: bus type PCI registered
[    1.946602] acpiphp: ACPI Hot Plug PCI Controller Driver version: 0.5
[    2.004814] PCI: Using configuration type 1 for base access
[    2.026433] ACPI: Added _OSI(Module Device)
[    2.144310] ACPI: Added _OSI(Processor Device)
[    2.184361] ACPI: Added _OSI(3.0 _SCP Extensions)
[    2.191969] ACPI: Added _OSI(Processor Aggregator Device)
[    2.234977] ACPI: Executed 1 blocks of module-level executable AML code
[    2.237400] ACPI: Interpreter enabled
[    2.238108] ACPI: (supports S0 S5)
[    2.238863] ACPI: Using IOAPIC for interrupt routing
[    2.239734] PCI: Using host bridge windows from ACPI; if necessary, use "pci=nocrs" and report a bug
[    2.243469] ACPI: PCI Root Bridge [PCI0] (domain 0000 [bus 00-ff])
[    2.244335] acpi PNP0A03:00: _OSC: OS supports [ASPM ClockPM Segments MSI]
[    2.304787] acpi PNP0A03:00: _OSC failed (AE_NOT_FOUND); disabling ASPM
[    2.305748] acpi PNP0A03:00: fail to add MMCONFIG information, can't access extended PCI configuration space under this bridge.
[    2.307608] PCI host bridge to bus 0000:00
[    2.308265] pci_bus 0000:00: root bus resource [io  0x0000-0x0cf7 window]
[    2.309305] pci_bus 0000:00: root bus resource [io  0x0d00-0xffff window]
[    2.310284] pci_bus 0000:00: root bus resource [mem 0x000a0000-0x000bffff window]
[    2.311422] pci_bus 0000:00: root bus resource [mem 0x40000000-0xffdfffff window]
[    2.312548] pci_bus 0000:00: root bus resource [bus 00-ff]
[    2.314591] pci 0000:00:01.1: legacy IDE quirk: reg 0x10: [io  0x01f0-0x01f7]
[    2.316975] pci 0000:00:01.1: legacy IDE quirk: reg 0x14: [io  0x03f6]
[    2.317810] pci 0000:00:01.1: legacy IDE quirk: reg 0x18: [io  0x0170-0x0177]
[    2.318678] pci 0000:00:01.1: legacy IDE quirk: reg 0x1c: [io  0x0376]
[    2.340224] ACPI: PCI Interrupt Link [LNKA] (IRQs 5 9 10 11) *0, disabled.
[    2.434449] ACPI: PCI Interrupt Link [LNKB] (IRQs 5 9 10 *11)
[    2.485099] ACPI: PCI Interrupt Link [LNKC] (IRQs 5 9 *10 11)
[    2.486336] ACPI: PCI Interrupt Link [LNKD] (IRQs 5 *9 10 11)
[    2.487699] ACPI: Enabled 2 GPEs in block 00 to 07
[    2.488840] vgaarb: setting as boot device: PCI:0000:00:02.0
[    2.489687] vgaarb: device added: PCI:0000:00:02.0,decodes=io+mem,owns=io+mem,locks=none
[    2.491063] vgaarb: loaded
[    2.494354] vgaarb: bridge control possible 0000:00:02.0
[    2.495380] SCSI subsystem initialized
[    2.496161] ACPI: bus type USB registered
[    2.496907] usbcore: registered new interface driver usbfs
[    2.497829] usbcore: registered new interface driver hub
[    2.498685] usbcore: registered new device driver usb
[    2.499635] PCI: Using ACPI for IRQ routing
[    2.500631] NetLabel: Initializing
[    2.501328] NetLabel:  domain hash size = 128
[    2.502048] NetLabel:  protocols = UNLABELED CIPSOv4
[    2.502885] NetLabel:  unlabeled traffic allowed by default
[    2.503886] amd_nb: Cannot enumerate AMD northbridges
[    2.504612] clocksource: Switched to clocksource kvm-clock
[    2.511220] AppArmor: AppArmor Filesystem Enabled
[    2.513568] pnp: PnP ACPI init
[    2.519946] pnp: PnP ACPI: found 3 devices
[   225526010] clocksource: acpi_pm: mask: 0xffffff max_cycles: 0xffffff, max_idle_ns: 2085701024 ns
[    2.605155] NET: Registered protocol family 2
[    2.605992] TCP established hash table entries: 8192 (order: 4, 65536 bytes)
[    2.606925] TCP bind hash table entries: 8192 (order: 5, 131072 bytes)
[    2.607887] TCP: Hash tables configured (established 8192 bind 8192)
[    2.608825] UDP hash table entries: 512 (order: 2, 16384 bytes)
[    2.609710] UDP-Lite hash table entries: 512 (order: 2, 16384 bytes)
[    2.614506] NET: Registered protocol family 1
[    2.615156] pci 0000:00:00.0: Limiting direct PCI/PCI transfers
[    2.615950] pci 0000:00:01.0: Activating ISA DMA hang workarounds
[    2.616857] Unpacking initramfs...
[    2.826916] Freeing initrd memory: 15224K (ffff880036234000 - ffff880037112000)
[    2.895166] platform rtc_cmos: registered platform RTC device (no PNP device found)
[    2.896511] Scanning for low memory corruption every 60 seconds
[    2.924854] audit: initializing netlink subsys (disabled)
[    2.984741] audit: type=2000 audit(1497208771.798:1): initialized
[    3.084783] Initialise system trusted keyring
[    3.164492] HugeTLB registered 2 MB page size, pre-allocated 0 pages
[    3.175671] zbud: loaded
[    3.176288] VFS: Disk quotas dquot_6.6.0
[    3.176941] VFS: Dquot-cache hash table entries: 512 (order 0, 4096 bytes)
[    3.177996] squashfs: version 4.0 (2009/01/31) Phillip Lougher
[    3.178950] fuse init (API version 7.23)
[    3.179655] Key type big_key registered
[    3.180255] Allocating IMA MOK and blacklist keyrings.
[    3.181144] Key type asymmetric registered
[    3.181765] Asymmetric key parser 'x509' registered
[    3.182504] Block layer SCSI generic (bsg) driver version 0.4 loaded (major 249)
[    3.183633] io scheduler noop registered
[    3.185708] io scheduler deadline registered (default)
[    3.186448] io scheduler cfq registered
[    3.187120] pci_hotplug: PCI Hot Plug PCI Core version: 0.5
[    3.187875] pciehp: PCI Express Hot Plug Controller Driver version: 0.4
[    3.188853] ACPI: AC Adapter [AC] (on-line)
[    3.189524] input: Power Button as /devices/LNXSYSTM:00/LNXPWRBN:00/input/input0
[    3.190622] ACPI: Power Button [PWRF]
[    3.191245] input: Sleep Button as /devices/LNXSYSTM:00/LNXSLPBN:00/input/input1
[    3.192342] ACPI: Sleep Button [SLPF]
[    3.193448] ACPI: Battery Slot [BAT0] (battery present)
[    3.199300] GHES: HEST is not enabled!
[    3.199964] Serial: 8250/16550 driver, 32 ports, IRQ sharing enabled
[    3.222063] 00:02: ttyS0 at I/O 0x3f8 (irq = 4, base_baud = 115200) is a 16550A
[   33.285625] Linux agpgart interface v0.103
[    3.505463] loop: module loaded
[    3.513578] scsi host0: ata_piix
[    3.519545] scsi host1: ata_piix
[    3.520204] ata1: PATA max UDMA/33 cmd 0x1f0 ctl 0x3f6 bmdma 0xd000 irq 14
[    3.521223] ata2: PATA max UDMA/33 cmd 0x170 ctl 0x376 bmdma 0xd008 irq 15
[    3.522645] libphy: Fixed MDIO Bus: probed
[    3.523332] tun: Universal TUN/TAP device driver, 1.6
[    3.524143] tun: (C) 1999-2004 Max Krasnyansky <maxk@qualcomm.com>
[    3.544562] PPP generic driver version 2.4.2
[    3.554621] ehci_hcd: USB 2.0 'Enhanced' Host Controller (EHCI) Driver
[    3.564602] ehci-pci: EHCI PCI platform driver
[    3.565391] ehci-platform: EHCI generic platform driver
[    3.566207] ohci_hcd: USB 1.1 'Open' Host Controller (OHCI) Driver
[    3.567140] ohci-pci: OHCI PCI platform driver
[    3.567870] ohci-platform: OHCI generic platform driver
[    3.568703] uhci_hcd: USB Universal Host Controller Interface driver
[    3.569737] i8042: PNP: PS/2 Controller [PNP0303:PS2K,PNP0f03:PS2M] at 0x60,0x64 irq 1,12
[    3.571501] serio: i8042 KBD port at 0x60,0x64 irq 1
[    3.572284] serio: i8042 AUX port at 0x60,0x64 irq 12
[    3.573218] mousedev: PS/2 mouse device common for all mice
[    3.574344] input: AT Translated Set 2 keyboard as /devices/platform/i8042/serio0/input/input2
[    3.576091] rtc_cmos rtc_cmos: rtc core: registered rtc_cmos as rtc0
[    3.584510] rtc_cmos rtc_cmos: alarms up to one day, 114 bytes nvram
[    3.804531] i2c /dev entries driver
[    3.805227] device-mapper: uevent: version 1.0.3
[    3.806033] device-mapper: ioctl: 4.34.0-ioctl (2015-10-28) initialised: dm-devel@redhat.com
[    3.807393] ledtrig-cpu: registered to indicate activity on CPUs
[    3.808521] NET: Registered protocol family 10
[    3.809404] NET: Registered protocol family 17
[    3.810134] Key type dns_resolver registered
[    3.810973] microcode: CPU0 sig=0x506e3, pf=0x40, revision=0x0
[    3.814592] microcode: Microcode Update Driver: v2.01 <tigran@aivazian.fsnet.co.uk>, Peter Oruba
[    3.816074] registered taskstats version 1
[    3.816770] Loading compiled-in X.509 certificates
[    3.818169] Loaded X.509 cert 'Build time autogenerated kernel key: 779fd75203f0d36b99b83c7328fac831ec7adf9e'
[    3.819704] zswap: loaded using pool lzo/zbud
[    3.821713] Key type trusted registered
[    3.856358] Key type encrypted registered
[    3.864404] AppArmor: AppArmor sha1 policy hashing enabled
[    3.874546] ima: No TPM chip found, activating TPM-bypass!
[    3.875333] evm: HMAC attrs: 0x1
[    3.884869]   Magic number: 5:114:344
[    3.964426] tsc: Refined TSC clocksource calibration: 2591.218 MHz
[    4.084455] clocksource: tsc: mask: 0xffffffffffffffff max_cycles: 0x2559d428bb3, max_idle_ns: 440795333063 ns
[    4.085861] tty tty61: hash matches
[    4.086474] rtc_cmos rtc_cmos: setting system clock to 2017-06-11 19:19:29 UTC (1497208769)
[    4.087755] BIOS EDD facility v0.16 2004-Jun-25, 0 devices found
[    4.090076] EDD information not available.
[    4.091719] Freeing unused kernel memory: 1484K (ffffffff81f45000 - ffffffff820b8000)
[    4.094467] Write protecting the kernel read-only data: 14336k
[    4.095580] Freeing unused kernel memory: 1760K (ffff880001848000 - ffff880001a00000)
[    4.096912] Freeing unused kernel memory: 112K (ffff880001de4000 - ffff880001e00000)
Loading, please wait...
starting version[    4.106425] random: udevadm: uninitialized urandom read (16 bytes read, 3 bits of entropy available)
 229
[    4.225150] random: systemd-udevd: uninitialized urandom read (16 bytes read, 3 bits of entropy available)
[    4.315431] random: systemd-udevd: uninitialized urandom read (16 bytes read, 3 bits of entropy available)
[    4.319160] random: systemd-udevd: uninitialized urandom read (16 bytes read, 3 bits of entropy available)
[    4.323403] random: systemd-udevd: uninitialized urandom read (16 bytes read, 3 bits of entropy available)
[    4.325692] random: udevadm: uninitialized urandom read (16 bytes read, 3 bits of entropy available)
[    4.332139] random: udevadm: uninitialized urandom read (16 bytes read, 3 bits of entropy available)
[    4.335374] random: udevadm: uninitialized urandom read (16 bytes read, 3 bits of entropy available)
[    4.339389] random: udevadm: uninitialized urandom read (16 bytes read, 3 bits of entropy available)
[    4.343558] random: udevadm: uninitialized urandom read (16 bytes read, 3 bits of entropy available)
[    4.385327] e1000: Intel(R) PRO/1000 Network Driver - version 7.3.21-k8-NAPI
[    4.405187] e1000: Copyright (c) 1999-2006 Intel Corporation.
[    4.410776] Fusion MPT base driver 3.04.20
[    4.414604] Copyright (c) 1999-2008 LSI Corporation
[    4.438127] Fusion MPT SPI Host driver 3.04.20
[    4.479490] AVX version of gcm_enc/dec engaged.
[    4.494702] AES CTR mode by8 optimization enabled
[    4.627463] input: ImExPS/2 Generic Explorer Mouse as /devices/platform/i8042/serio1/input/input4
[    4.852185] e1000 0000:00:03.0 eth0: (PCI:33MHz:32-bit) 02:25:c1:23:9a:99
[    4.875077] e1000 0000:00:03.0 eth0: Intel(R) PRO/1000 Network Connection
[    4.876855] mptbase: ioc0: Initiating bringup
[    4.948790] ioc0: LSI53C1030 A0: Capabilities={Initiator}
[    5.126128] scsi host2: ioc0: LSI53C1030 A0, FwRev=00000000h, Ports=1, MaxQ=256, IRQ=20
[    5.245594] scsi 2:0:0:0: Direct-Access     VBOX     HARDDISK         1.0  PQ: 0 ANSI: 5
[    5.274776] scsi target2:0:0: Beginning Domain Validation
[    5.277207] scsi target2:0:0: Domain Validation skipping write tests
[    5.294217] scsi target2:0:0: Ending Domain Validation
[    5.302915] scsi target2:0:0: asynchronous
[    5.331774] scsi 2:0:1:0: Direct-Access     VBOX     HARDDISK         1.0  PQ: 0 ANSI: 5
[    5.397496] scsi target2:0:1: Beginning Domain Validation
[    5.504358] scsi target2:0:1: Domain Validation skipping write tests
[    5.524969] scsi target2:0:1: Ending Domain Validation
[    5.589625] scsi target2:0:1: asynchronous
[    5.989693] sd 2:0:0:0: Attached scsi generic sg0 type 0
[    6.094468] sd 2:0:0:0: [sda] 20971520 512-byte logical blocks: (10.7 GB/10.0 GiB)
[    6.095792] sd 2:0:0:0: [sda] Write Protect is off
[    6.096629] sd 2:0:0:0: [sda] Incomplete mode parameter data
[    6.284534] sd 2:0:0:0: [sda] Assuming drive cache: write through
[    6.289808] sd 2:0:1:0: [sdb] 20480 512-byte logical blocks: (10.5 MB/10.0 MiB)
[    6.346268] sd 2:0:1:0: Attached scsi generic sg1 type 0
[    6.450049] e1000 0000:00:08.0 eth1: (PCI:33MHz:32-bit) 08:00:27:a6:05:66
[    6.454683] e1000 0000:00:08.0 eth1: Intel(R) PRO/1000 Network Connection
[    6.456246] e1000 0000:00:08.0 enp0s8: renamed from eth1
[    6.465173] e1000 0000:00:03.0 enp0s3: renamed from eth0
[    6.476200] sd 2:0:1:0: [sdb] Write Protect is off
[    6.565357] sd 2:0:1:0: [sdb] Incomplete mode parameter data
[    6.594339] sd 2:0:1:0: [sdb] Assuming drive cache: write through
[    6.595892]  sda: sda1
[    6.596750] sd 2:0:0:0: [sda] Attached SCSI disk
[    6.598555] sd 2:0:1:0: [sdb] Attached SCSI disk
[    7.456710] floppy0: no floppy controllers found
Begin: Loading e[    8.763972] md: linear personality registered for level -1
ssential drivers[    8.863359] md: multipath personality registered for level -4
 ... [    8.869050] md: raid0 personality registered for level 0
[    8.947457] md: raid1 personality registered for level 1
[    9.033922] raid6: sse2x1   gen()  6668 MB/s
[    9.243801] raid6: sse2x1   xor()  5706 MB/s
[    9.353830] raid6: sse2x2   gen() 11146 MB/s
[    9.453802] raid6: sse2x2   xor()  7801 MB/s
[    9.563827] raid6: sse2x4   gen() 13216 MB/s
[    9.693803] raid6: sse2x4   xor()  8896 MB/s
[    9.724640] raid6: using algorithm sse2x4 gen() 13216 MB/s
[    9.725777] raid6: .... xor() 8896 MB/s, rmw enabled
[    9.726486] raid6: using ssse3x2 recovery algorithm
[    9.729530] xor: automatically using best checksumming function:
[   10.243875]    avx       : 42907.000 MB/sec
[   10.486330] async_tx: api initialized (async)
[   10.596890] md: raid6 personality registered for level 6
[   10.604576] md: raid5 personality registered for level 5
[   10.605268] md: raid4 personality registered for level 4
[   10.610473] md: raid10 personality registered for level 10
done.
Begin: Running /scripts/init-premount ... done.
Begin: Mountin[   10.638290] Btrfs loaded
g root file system ... Begin: Running /scripts/l[   10.969353] EXT4-fs (sda1): INFO: recovery required on readonly filesystem
ocal-top ... don[   11.614413] EXT4-fs (sda1): write access will be enabled during recovery
e.
Begin: Running /scripts/local-premount ... Scanning for Btrfs filesystems
done.
Warning: fsck not present, so skipping root file system
[   12.237038] EXT4-fs (sda1): orphan cleanup on readonly fs
[   12.554275] EXT4-fs (sda1): 1 orphan inode deleted
[   12.554923] EXT4-fs (sda1): recovery complete
[   12.556337] EXT4-fs (sda1): mounted filesystem with ordered data mode. Opts: (null)
done.
Begin: Running /scripts/local-bottom ... done.
Begin: Running /scripts/init-bottom ... done.
[   12.630466] systemd[1]: systemd 229 running in system mode. (+PAM +AUDIT +SELINUX +IMA +APPARMOR +SMACK +SYSVINIT +UTMP +LIBCRYPTSETUP +GCRYPT +GNUTLS +ACL +XZ -LZ4 +SECCOMP +BLKID +ELFUTILS +KMOD -IDN)
[   12.636471] systemd[1]: Detected virtualization oracle.
[   12.637358] systemd[1]: Detected architecture x86-64.

Welcome to [1mUbuntu 16.04.2 LTS[0m!

[   12.776623] systemd[1]: Set hostname to <default>.
[   12.926065] random: nonblocking pool is initialized
[   13.370577] systemd[1]: Started Trigger resolvconf update for networkd DNS.
[[0;32m  OK  [0m] Started Trigger resolvconf update for networkd DNS.
[   13.375763] systemd[1]: Listening on Journal Audit Socket.
[[0;32m  OK  [0m] Listening on Journal Audit Socket.
[   13.377314] systemd[1]: Started Forward Password Requests to Wall Directory Watch.
[[0;32m  OK  [0m] Started Forward Password Requests to Wall Directory Watch.
[   13.379710] systemd[1]: Listening on /dev/initctl Compatibility Named Pipe.
[[0;32m  OK  [0m] Listening on /dev/initctl Compatibility Named Pipe.
[   13.381850] systemd[1]: Listening on Syslog Socket.
[[0;32m  OK  [0m] Listening on Syslog Socket.
[   13.383467] systemd[1]: Reached target User and Group Name Lookups.
[[0;32m  OK  [0m] Reached target User and Group Name Lookups.
[   13.385435] systemd[1]: Set up automount Arbitrary Executable File Formats File System Automount Point.
[[0;32m  OK  [0m] Set up automount Arbitrary Executab...ats File System Automount Point.
[   13.388161] systemd[1]: Created slice User and Session Slice.
[[0;32m  OK  [0m] Created slice User and Session Slice.
[   13.389995] systemd[1]: Listening on LVM2 poll daemon socket.
[[0;32m  OK  [0m] Listening on LVM2 poll daemon socket.
[   13.391834] systemd[1]: Reached target Swap.
[[0;32m  OK  [0m] Reached target Swap.
[   13.393399] systemd[1]: Listening on Journal Socket.
[[0;32m  OK  [0m] Listening on Journal Socket.
[   13.394896] systemd[1]: Listening on Device-mapper event daemon FIFOs.
[[0;32m  OK  [0m] Listening on Device-mapper event daemon FIFOs.
[   13.396557] systemd[1]: Listening on udev Control Socket.
[[0;32m  OK  [0m] Listening on udev Control Socket.
[   13.398217] systemd[1]: Created slice System Slice.
[[0;32m  OK  [0m] Created slice System Slice.
[   13.399781] systemd[1]: Reached target Slices.
[[0;32m  OK  [0m] Reached target Slices.
[   13.403802] systemd[1]: Starting Load Kernel Modules...
         Starting Load Ke[   13.810833] Loading iSCSI transport class v2.0-870.
rnel Modules...
[   13.824545] systemd[1]: Starting Remount Root and Kernel File Systems...
[   14.366725] iscsi: registered transport (tcp)
         [   14.733677] EXT4-fs (sda1): re-mounted. Opts: (null)
Starting Remount Root and Kernel File Systems...
[   14.858323] systemd[1]: Mounting Huge Pages File System...
         Mounting Huge Pa[   14.872255] iscsi: registered transport (iser)
ges File System...
[   14.875700] systemd[1]: Created slice system-serial\x2dgetty.slice.
[[0;32m  OK  [0m] Created slice system-serial\x2dgetty.slice.
[   14.878372] systemd[1]: Listening on udev Kernel Socket.
[[0;32m  OK  [0m] Listening on udev Kernel Socket.
[   14.881699] systemd[1]: Starting Set console keymap...
         Starting Set console keymap...
[   14.918058] systemd[1]: Starting Create list of required static device nodes for the current kernel...
         Starting Create list of required st... nodes for the current kernel...
[   15.446278] systemd[1]: Listening on Journal Socket (/dev/log).
[[0;32m  OK  [0m] Listening on Journal Socket (/dev/log).
[   15.461273] systemd[1]: Starting Journal Service...
         Starting Journal Service...
[   15.893280] systemd[1]: Mounting Debug File System...
         Mounting Debug File System...
[   15.896824] systemd[1]: Mounting RPC Pipe File System...
         Mounting RPC Pipe File System...
[   15.899577] systemd[1]: Reached target Encrypted Volumes.
[[0;32m  OK  [0m] Reached target Encrypted Volumes.
[   15.904399] systemd[1]: Starting Nameserver information manager...
         Starting Nameserver information manager...
[   15.917632] systemd[1]: Listening on LVM2 metadata daemon socket.
[[0;32m  OK  [0m] Listening on LVM2 metadata daemon socket.
[   15.922997] systemd[1]: Created slice system-postgresql.slice.
[   15.924917] RPC: Registered named UNIX socket transport module.
[   15.926048] RPC: Registered udp transport module.
[   15.926957] RPC: Registered tcp transport module.
[   15.927759] RPC: Registered tcp NFSv4.1 backchannel transport module.
[[0;32m  OK  [0m] Created slice system-postgresql.slice.
[   15.930449] systemd[1]: Starting Uncomplicated firewall...
         Starting Uncomplicated firewall...
[   15.934569] systemd[1]: Mounting POSIX Message Queue File System...
         Mounting POSIX Message Queue File System...
[   15.942571] systemd[1]: Starting Monitoring of LVM2 mirrors, snapshots etc. using dmeventd or progress polling...
         Starting Monitoring of LVM2 mirrors... dmeventd or progress polling...
[   15.948788] systemd[1]: Mounted RPC Pipe File System.
[[0;32m  OK  [0m] Mounted RPC Pipe File System.
[   15.956577] systemd[1]: Mounted Debug File System.
[[0;32m  OK  [0m] Mounted Debug File System.
[   15.958087] systemd[1]: Mounted POSIX Message Queue File System.
[[0;32m  OK  [0m] Mounted POSIX Message Queue File System.
[   15.959801] systemd[1]: Mounted Huge Pages File System.
[[0;32m  OK  [0m] Mounted Huge Pages File System.
[   15.968782] systemd[1]: Started Journal Service.
[[0;32m  OK  [0m] Started Journal Service.
[[0;32m  OK  [0m] Started Load Kernel Modules.
[[0;32m  OK  [0m] Started Remount Root and Kernel File Systems.
[[0;32m  OK  [0m] Started Set console keymap.
[[0;32m  OK  [0m] Started Create list of required sta...ce nodes for the current kernel.
[[0;32m  OK  [0m] Started Uncomplicated firewall.
[[0;32m  OK  [0m] Started Nameserver information manager.
[[0;32m  OK  [0m] Started LVM2 metadata daemon.
         Starting Create Static Device Nodes in /dev...
         Starting Initial cloud-init job (pre-networking)...
         Starting Load/Save Random Seed...
         Starting udev Coldplug all Devices...
         Mounting FUSE Control File System...
         Starting Apply Kernel Variables...
         Starting Flush Journal to Persistent Storage...
[[0;32m  OK  [0m] Mounted FUSE Control File System.
[[0;32m  OK  [0m] Started Load/Save Random Seed.
[[0;32m  OK  [0m] Started Apply Kernel Variables.
[[0;32m  OK  [0m] Started Create Static Device Nodes in /dev.
[[0;32m  OK  [0m] Started Flush Journal to Persistent Storage.
         Starting udev Kernel Device Manager...
[[0;32m  OK  [0m] Started udev Kernel Device Manager.
[[0;32m  OK  [0m] Started udev Coldplug all Devices.
[[0;32m  OK  [0m] Started Dispatch Password Requests to Console Directory Watch.
[[0;32m  OK  [0m] Found device /dev/ttyS0.
[[0;32m  OK  [0m] Started Monitoring of LVM2 mirrors,...ng dmeventd or progress polling.
[[0;32m  OK  [0m] Reached target Local File Systems (Pre).
[[0;32m  OK  [0m] Reached target Local File Systems.
         Starting Set console font and keymap...
         Starting LSB: AppArmor initialization...
         Starting Tell Plymouth To Write Out Runtime Data...
         Starting Preprocess NFS configuration...
         Starting Create Volatile Files and Directories...
[[0;32m  OK  [0m] Started Preprocess NFS configuration.
[[0;32m  OK  [0m] Started Create Volatile Files and Directories.
[[0;32m  OK  [0m] Started Tell Plymouth To Write Out Runtime Data.
[[0;32m  OK  [0m] Listening on Load/Save RF Kill Switch Status /dev/rfkill Watch.
[[0;32m  OK  [0m] Reached target System Time Synchronized.
         Starting Update UTMP about System Boot/Shutdown...
[[0;32m  OK  [0m] Reached target NFS client services.
[[0;32m  OK  [0m] Found device 82540EM Gigabit Ethern...r (PRO/1000 MT Desktop Adapter).
[[0;32m  OK  [0m] Found device 82540EM Gigabit Ethern...r (PRO/1000 MT Desktop Adapter).
[[0;32m  OK  [0m] Started Update UTMP about System Boot/Shutdown.
[[0;32m  OK  [0m] Started LSB: AppArmor initialization.
[[0;32m  OK  [0m] Started Set console font and keymap.
[[0;32m  OK  [0m] Created slice system-getty.slice.
[   15.051502] cloud-init[463]: Cloud-init v. 0.7.9 running 'init-local' at Sun, 11 Jun 2017 19:19:42 +0000. Up 14.61 seconds.
[[0;32m  OK  [0m] Started Initial cloud-init job (pre-networking).
[[0;32m  OK  [0m] Reached target Network (Pre).
         Starting Raise network interfaces...
[[0;32m  OK  [0m] Started ifup for enp0s3.
[[0;32m  OK  [0m] Started ifup for enp0s8.
[[0;32m  OK  [0m] Started Raise network interfaces.
         Starting Initial cloud-init job (metadata service crawler)...
[[0;32m  OK  [0m] Reached target Network.
[   17.744172] cloud-init[1075]: Cloud-init v. 0.7.9 running 'init' at Sun, 11 Jun 2017 19:19:45 +0000. Up 17.54 seconds.
[   17.793782] cloud-init[1075]: ci-info: +++++++++++++++++++++++++++++++++++++Net device info++++++++++++++++++++++++++++++++++++++
[[0;32m  OK  [0m] Started Initial cloud-init job (metadata service crawler).
[   17.803944] cloud-init[1075]: ci-info: +--------+------+----------------------------+---------------+-------+-------------------+
[[0;32m  OK  [0m] Reached target Network is Online.
[   17.807744] cloud-init[1075]: ci-info: | Device |  Up  |          Address           |      Mask     | Scope |     Hw-Address    |
         Starting iSCSI initiator daemon (iscsid)...
[[0;32m  OK  [0m] Reached target Cloud-config availability.
[   17.811006] cloud-init[1075]: ci-info: +--------+------+----------------------------+---------------+-------+-------------------+
[   17.860764] cloud-init[1075]: ci-info: | enp0s3 | True |         10.0.2.15          | 255.255.255.0 |   .   | 02:25:c1:23:9a:99 |
[   17.860807] cloud-init[1075]: ci-info: | enp0s3 | True | fe80::25:c1ff:fe23:9a99/64 |       .       |  link | 02:25:c1:23:9a:99 |
[   17.860842] cloud-init[1075]: ci-info: | enp0s8 | True |         10.0.0.14          | 255.255.255.0 |   .   | 08:00:27:a6:05:66 |
[   17.860867] cloud-init[1075]: ci-info: | enp0s8 | True | fe80::a00:27ff:fea6:566/64 |       .       |  link | 08:00:27:a6:05:66 |
[   17.860897] cloud-init[1075]: ci-info: |   lo   | True |         127.0.0.1          |   255.0.0.0   |   .   |         .         |
[   17.860940] cloud-init[1075]: ci-info: |   lo   | True |          ::1/128           |       .       |  host |         .         |
[   17.860974] cloud-init[1075]: ci-info: +--------+------+----------------------------+---------------+-------+-------------------+
[   17.860999] cloud-init[1075]: ci-info: +++++++++++++++++++++++++++Route IPv4 info++++++++++++++++++++++++++++
[   17.861023] cloud-init[1075]: ci-info: +-------+-------------+----------+---------------+-----------+-------+
[   17.861046] cloud-init[1075]: ci-info: | Route | Destination | Gateway  |    Genmask    | Interface | Flags |
[   17.861071] cloud-init[1075]: ci-info: +-------+-------------+----------+---------------+-----------+-------+
[   17.861094] cloud-init[1075]: ci-info: |   0   |   0.0.0.0   | 10.0.2.2 |    0.0.0.0    |   enp0s3  |   UG  |
[   17.861117] cloud-init[1075]: ci-info: |   1   |   10.0.0.0  | 0.0.0.0  | 255.255.255.0 |   enp0s8  |   U   |
[   17.861139] cloud-init[1075]: ci-info: |   2   |   10.0.2.0  | 0.0.0.0  | 255.255.255.0 |   enp0s3  |   U   |
[   17.861164] cloud-init[1075]: ci-info: +-------+-------------+----------+---------------+-----------+-------+
[[0;32m  OK  [0m] Reached target System Initialization.
         Starting Socket activation for snappy daemon.
[[0;32m  OK  [0m] Listening on D-Bus System Message Bus Socket.
[[0;32m  OK  [0m] Started ACPI Events Check.
[[0;32m  OK  [0m] Reached target Paths.
         Starting LXD - unix socket.
[[0;32m  OK  [0m] Listening on ACPID Listen Socket.
[[0;32m  OK  [0m] Started Daily apt activities.
[[0;32m  OK  [0m] Started Timer to automatically refresh installed snaps.
[[0;32m  OK  [0m] Listening on RPCbind Server Activation Socket.
[[0;32m  OK  [0m] Started Clean PHP session files every 30 mins.
[[0;32m  OK  [0m] Started Daily Cleanup of Temporary Directories.
[[0;32m  OK  [0m] Reached target Timers.
[[0;32m  OK  [0m] Listening on UUID daemon activation socket.
[[0;32m  OK  [0m] Listening on Socket activation for snappy daemon.
[[0;32m  OK  [0m] Listening on LXD - unix socket.
[[0;32m  OK  [0m] Started iSCSI initiator daemon (iscsid).
         Starting Login to default iSCSI targets...
[[0;32m  OK  [0m] Reached target Sockets.
[[0;32m  OK  [0m] Reached target Basic System.
         Starting PostgreSQL Cluster 9.3-main...
         Starting Login Service...
[[0;32m  OK  [0m] Started Unattended Upgrades Shutdown.
         Starting LSB: Record successful boot for GRUB...
         Starting System Logging Service...
[[0;32m  OK  [0m] Started D-Bus System Message Bus.
         Starting Daily apt activities...
[[0;32m  OK  [0m] Started Deferred execution scheduler.
         Starting The PHP 7.1 FastCGI Process Manager...
         Starting OpenBSD Secure Shell server...
         Starting LXD - container startup/shutdown...
         Starting vboxadd-x11.service...
         Starting Clean php session files...
[[0;32m  OK  [0m] Started FUSE filesystem for LXC.
[[0;32m  OK  [0m] Started ACPI event daemon.
         Starting Apply the settings specified in cloud-config...
[[0;32m  OK  [0m] Started Regular background program processing daemon.
         Starting Accounts Service...
         Starting vboxadd.service...
         Starting /etc/rc.local Compatibility...
         Starting A high performance web server and a reverse proxy server...
         Starting LSB: MD monitoring daemon...
[[0;32m  OK  [0m] Started Snappy daemon.
         Starting Auto import assertions from block devices...
[[0;32m  OK  [0m] Started System Logging Service.
[[0;32m  OK  [0m] Started OpenBSD Secure Shell server.
[[0;32m  OK  [0m] Started LXD - container startup/shutdown.
[[0;32m  OK  [0m] Started /etc/rc.local Compatibility.
[[0;32m  OK  [0m] Started LSB: Record successful boot for GRUB.
[[0;32m  OK  [0m] Started Login to default iSCSI targets.
[[0;32m  OK  [0m] Started Auto import assertions from block devices.
[[0;32m  OK  [0m] Started A high performance web server and a reverse proxy server.
[[0;32m  OK  [0m] Started Login Service.
         Starting Authenticate and Authorize Users to Run Privileged Tasks...
[[0;32m  OK  [0m] Reached target Remote File Systems (Pre).
[[0;32m  OK  [0m] Reached target Remote File Systems.
         Starting LSB: automatic crash report generation...
         Starting LSB: daemon to balance interrupts for SMP systems...
         Starting LSB: Start/stop sysstat's sadc...
         Starting LSB: Set the CPU Frequency Scaling governor to "ondemand"...
         Starting LSB: Apache2 web server...
         Starting Permit User Sessions...
[[0;32m  OK  [0m] Started Permit User Sessions.
         Starting Hold until boot process finishes up...
         Starting Terminate Plymouth Boot Screen...
[[0;32m  OK  [0m] Started LSB: Start/stop sysstat's sadc.
[[0;32m  OK  [0m] Started Hold until boot process finishes up.
[[0;32m  OK  [0m] Started Terminate Plymouth Boot Screen.
[[0;32m  OK  [0m] Started LSB: MD monitoring daemon.
         Starting Set console scheme...
[[0;32m  OK  [0m] Started Serial Getty on ttyS0.
[[0;32m  OK  [0m] Started Getty on tty1.
[[0;32m  OK  [0m] Reached target Login Prompts.
[[0;32m  OK  [0m] Started Set console scheme.
[[0;32m  OK  [0m] Started LSB: Set the CPU Frequency Scaling governor to "ondemand".
[[0;32m  OK  [0m] Started Authenticate and Authorize Users to Run Privileged Tasks.
[[0;32m  OK  [0m] Started Accounts Service.
[[0;32m  OK  [0m] Started LSB: daemon to balance interrupts for SMP systems.
[[0;32m  OK  [0m] Started LSB: automatic crash report generation.
[[0;32m  OK  [0m] Created slice User Slice of ubuntu.
         Starting User Manager for UID 1000...
[[0;32m  OK  [0m] Started The PHP 7.1 FastCGI Process Manager.
[[0;32m  OK  [0m] Started User Manager for UID 1000.
[[0;32m  OK  [0m] Started vboxadd-x11.service.
[[0;32m  OK  [0m] Started Clean php session files.
[[0;32m  OK  [0m] Started Apply the settings specified in cloud-config.
[[0;32m  OK  [0m] Started vboxadd.service.
[   19.742509] cloud-init[1195]: Cloud-init v. 0.7.9 running 'modules:config' at Sun, 11 Jun 2017 19:19:47 +0000. Up 19.65 seconds.
[[0;32m  OK  [0m] Started LSB: Apache2 web server.
[[0;32m  OK  [0m] Started Session 1 of user ubuntu.
         Starting vboxadd-service.service...
[[0;32m  OK  [0m] Started vboxadd-service.service.
[[0;32m  OK  [0m] Started PostgreSQL Cluster 9.3-main.
         Starting PostgreSQL RDBMS...
[[0;32m  OK  [0m] Started PostgreSQL RDBMS.
[[0;32m  OK  [0m] Reached target Multi-User System.
         Starting Execute cloud user/final scripts...
[[0;32m  OK  [0m] Reached target Graphical Interface.
         Starting Update UTMP about System Runlevel Changes...
[[0;32m  OK  [0m] Started Update UTMP about System Runlevel Changes.
[   21.735399] cloud-init[1906]: Cloud-init v. 0.7.9 running 'modules:final' at Sun, 11 Jun 2017 19:19:49 +0000. Up 21.64 seconds.
[   21.796930] cloud-init[1906]: Cloud-init v. 0.7.9 finished at Sun, 11 Jun 2017 19:19:49 +0000. Datasource DataSourceNoCloud [seed=/dev/sdb][dsmode=net].  Up 21.72 seconds
[[0;32m  OK  [0m] Started Execute cloud user/final scripts.
[[0;32m  OK  [0m] Reached target Cloud-init target.

Ubuntu 16.04.2 LTS default ttyS0

default login:                Stopping Getty on tty1...
         Stopping vboxadd-service.service...
         Stopping Deferred execution scheduler...
         Stopping LSB: automatic crash report generation...
         Stopping Regular background program processing daemon...
         Stopping OpenBSD Secure Shell server...
         Stopping LSB: Set the CPU Frequency Scaling governor to "ondemand"...
         Stopping LSB: MD monitoring daemon...
         Stopping Snappy daemon...
         Stopping A high performance web server and a reverse proxy server...
         Stopping The PHP 7.1 FastCGI Process Manager...
         Stopping FUSE filesystem for LXC...
         Stopping LXD - container startup/shutdown...
         Unmounting RPC Pipe File System...
[[0;32m  OK  [0m] Closed Load/Save RF Kill Switch Status /dev/rfkill Watch.
         Stopping D-Bus System Message Bus...
         Stopping LSB: daemon to balance interrupts for SMP systems...
         Stopping Unattended Upgrades Shutdown...
         Stopping Authenticate and Authorize Users to Run Privileged Tasks...
         Stopping vboxadd-x11.service...
[[0;32m  OK  [0m] Stopped PostgreSQL RDBMS.
         Stopping PostgreSQL Cluster 9.3-main...
[[0;32m  OK  [0m] Stopped target Timers.
[[0;32m  OK  [0m] Stopped Daily Cleanup of Temporary Directories.
[[0;32m  OK  [0m] Stopped Timer to automatically refresh installed snaps.
[[0;32m  OK  [0m] Stopped Clean PHP session files every 30 mins.
[[0;32m  OK  [0m] Stopped Daily apt activities.
[[0;32m  OK  [0m] Stopped target System Time Synchronized.
         Stopping LSB: Record successful boot for GRUB...
         Stopping System Logging Service...
[[0;32m  OK  [0m] Unmounted /var/lib/lxcfs.
[[0;32m  OK  [0m] Stopped System Logging Service.
[[0;32m  OK  [0m] Stopped Deferred execution scheduler.
[[0;32m  OK  [0m] Stopped The PHP 7.1 FastCGI Process Manager.
[[0;32m  OK  [0m] Stopped OpenBSD Secure Shell server.
[[0;32m  OK  [0m] Stopped ACPI event daemon.
[[0;32m  OK  [0m] Stopped Regular background program processing daemon.
[[0;32m  OK  [0m] Stopped Accounts Service.
[[0;32m  OK  [0m] Stopped Snappy daemon.
[[0;32m  OK  [0m] Stopped Authenticate and Authorize Users to Run Privileged Tasks.
[[0;32m  OK  [0m] Stopped Serial Getty on ttyS0.
[[0;32m  OK  [0m] Stopped Getty on tty1.
[[0;32m  OK  [0m] Stopped NFS status monitor for NFSv2/3 locking..
[[0;32m  OK  [0m] Stopped User Manager for UID 1000.
[[0;32m  OK  [0m] Stopped Session 25 of user ubuntu.
[[0;32m  OK  [0m] Stopped A high performance web server and a reverse proxy server.
[[0;32m  OK  [0m] Stopped vboxadd-service.service.
[[0;32m  OK  [0m] Unmounted RPC Pipe File System.
[[0;32m  OK  [0m] Stopped D-Bus System Message Bus.
[[0;32m  OK  [0m] Stopped Unattended Upgrades Shutdown.
[[0;32m  OK  [0m] Stopped vboxadd-x11.service.
[[0;32m  OK  [0m] Stopped FUSE filesystem for LXC.
[[0;32m  OK  [0m] Stopped LSB: Start/stop sysstat's sadc.
[[0;32m  OK  [0m] Stopped LSB: automatic crash report generation.
[[0;32m  OK  [0m] Stopped LSB: Set the CPU Frequency Scaling governor to "ondemand".
[[0;32m  OK  [0m] Stopped LSB: MD monitoring daemon.
[[0;32m  OK  [0m] Stopped LXD - container startup/shutdown.
[[0;32m  OK  [0m] Stopped LSB: daemon to balance interrupts for SMP systems.
[[0;32m  OK  [0m] Stopped LSB: Record successful boot for GRUB.
         Stopping vboxadd.service...
[[0;32m  OK  [0m] Removed slice User Slice of ubuntu.
         Stopping Login Service...
[[0;32m  OK  [0m] Stopped target Host and Network Name Lookups.
[[0;32m  OK  [0m] Removed slice system-getty.slice.
[[0;32m  OK  [0m] Removed slice system-serial\x2dgetty.slice.
[[0;32m  OK  [0m] Stopped /etc/rc.local Compatibility.
         Stopping Permit User Sessions...
[[0;32m  OK  [0m] Unmounted /vagrant.
[[0;32m  OK  [0m] Stopped Login Service.
[[0;32m  OK  [0m] Stopped PostgreSQL Cluster 9.3-main.
[[0;32m  OK  [0m] Stopped vboxadd.service.
[[0;32m  OK  [0m] Stopped Permit User Sessions.
[[0;32m  OK  [0m] Stopped target Remote File Systems.
         Unmounting /var/www/pauletbene/current...
[[0;32m  OK  [0m] Removed slice system-postgresql.slice.
[[0;32m  OK  [0m] Stopped target User and Group Name Lookups.
[[0;32m  OK  [0m] Stopped target Basic System.
[[0;32m  OK  [0m] Stopped target Paths.
[[0;32m  OK  [0m] Stopped Dispatch Password Requests to Console Directory Watch.
[[0;32m  OK  [0m] Stopped ACPI Events Check.
[[0;32m  OK  [0m] Stopped Forward Password Requests to Wall Directory Watch.
[[0;32m  OK  [0m] Stopped target Sockets.
[[0;32m  OK  [0m] Closed Socket activation for snappy daemon.
[[0;32m  OK  [0m] Closed UUID daemon activation socket.
[[0;32m  OK  [0m] Closed Syslog Socket.
[[0;32m  OK  [0m] Closed ACPID Listen Socket.
[[0;32m  OK  [0m] Closed LXD - unix socket.
[[0;32m  OK  [0m] Stopped target Slices.
[[0;32m  OK  [0m] Removed slice User and Session Slice.
[[0;32m  OK  [0m] Closed D-Bus System Message Bus Socket.
[[0;32m  OK  [0m] Unmounted /var/www/pauletbene/current.
[[0;32m  OK  [0m] Stopped target Remote File Systems (Pre).
         Stopping Login to default iSCSI targets...
[[0;32m  OK  [0m] Stopped target NFS client services.
         Stopping RPC bind portmap service...
[[0;32m  OK  [0m] Stopped RPC bind portmap service.
[[0;32m  OK  [0m] Closed RPCbind Server Activation Socket.
[[0;32m  OK  [0m] Stopped target System Initialization.
[[0;32m  OK  [0m] Stopped target Encrypted Volumes.
[[0;32m  OK  [0m] Stopped target Swap.
         Stopping Load/Save Random Seed...
[[0;32m  OK  [0m] Stopped Create Volatile Files and Directories.
[[0;32m  OK  [0m] Stopped Load/Save Random Seed.
[[0;32m  OK  [0m] Stopped Login to default iSCSI targets.
         Stopping iSCSI initiator daemon (iscsid)...
[[0;32m  OK  [0m] Stopped iSCSI initiator daemon (iscsid).
[[0;32m  OK  [0m] Stopped target Network is Online.
[[0;32m  OK  [0m] Stopped Initial cloud-init job (metadata service crawler).
[[0;32m  OK  [0m] Stopped target Network.
         Stopping Raise network interfaces...
[[0;32m  OK  [0m] Stopped Raise network interfaces.
[[0;32m  OK  [0m] Stopped Apply Kernel Variables.
[[0;32m  OK  [0m] Stopped target Local File Systems.
         Unmounting /run/user/1000...
[[0;32m  OK  [0m] Stopped Load Kernel Modules.
[[0;32m  OK  [0m] Stopped target Network (Pre).
[[0;32m  OK  [0m] Stopped Initial cloud-init job (pre-networking).
[[0;32m  OK  [0m] Unmounted /run/user/1000.
[[0;32m  OK  [0m] Reached target Unmount All Filesystems.
[[0;32m  OK  [0m] Stopped target Local File Systems (Pre).
[[0;32m  OK  [0m] Stopped Create Static Device Nodes in /dev.
         Stopping Monitoring of LVM2 mirrors... dmeventd or progress polling...
[[0;32m  OK  [0m] Stopped Remount Root and Kernel File Systems.
[[0;32m  OK  [0m] Reached target Shutdown.
[ 8725.377227] reboot: Power down
